<?xml version="1.0" encoding="UTF-8"?>
<!-- Generated by org.testng.reporters.JUnitReportReporter -->
<testsuite hostname="DHRUV" failures="0" tests="1" name="TestCases.VerifyLogin2" time="27.663" errors="0" timestamp="2023-09-07T22:01:23 IST" skipped="0">
  <testcase classname="TestCases.VerifyLogin2" name="login" time="27.663"/>
</testsuite> <!-- TestCases.VerifyLogin2 -->
