<?xml version="1.0" encoding="UTF-8"?>
<!-- Generated by org.testng.reporters.JUnitReportReporter -->
<testsuite hostname="DHRUV" failures="0" tests="1" name="TestCases.VerifyLogin" time="29.193" errors="0" timestamp="2023-09-07T20:16:53 IST" skipped="0">
  <testcase classname="TestCases.VerifyLogin" name="login" time="29.193"/>
</testsuite> <!-- TestCases.VerifyLogin -->
