<?xml version="1.0" encoding="UTF-8"?>
<!-- Generated by org.testng.reporters.JUnitReportReporter -->
<testsuite hostname="DHRUV" failures="0" tests="1" name="TestCases.VerifyLoginOrange" time="16.074" errors="0" timestamp="2023-09-11T19:15:03 IST" skipped="0">
  <testcase classname="TestCases.VerifyLoginOrange" name="Login" time="16.074"/>
</testsuite> <!-- TestCases.VerifyLoginOrange -->
