<?xml version="1.0" encoding="UTF-8"?>
<!-- Generated by org.testng.reporters.JUnitReportReporter -->
<testsuite hostname="DHRUV" failures="0" tests="1" name="TestCases.B" time="4.128" errors="0" timestamp="2023-09-01T09:42:11 IST" skipped="0">
  <testcase classname="TestCases.B" name="launchBrowser" time="4.128"/>
</testsuite> <!-- TestCases.B -->
