<?xml version="1.0" encoding="UTF-8"?>
<!-- Generated by org.testng.reporters.JUnitReportReporter -->
<testsuite hostname="DHRUV" failures="0" tests="1" name="TestCases.Sc" time="7.209" errors="0" timestamp="2023-09-06T19:13:01 IST" skipped="0">
  <testcase classname="TestCases.Sc" name="capturescreenshot" time="7.209"/>
</testsuite> <!-- TestCases.Sc -->
