<?xml version="1.0" encoding="UTF-8"?>
<!-- Generated by org.testng.reporters.JUnitReportReporter -->
<testsuite hostname="DHRUV" failures="0" tests="1" name="TestCases.HandlingExcelSheet" time="0.802" errors="0" timestamp="2023-09-05T14:57:11 IST" skipped="0">
  <testcase classname="TestCases.HandlingExcelSheet" name="loginFunctionality" time="0.802"/>
</testsuite> <!-- TestCases.HandlingExcelSheet -->
