<?xml version="1.0" encoding="UTF-8"?>
<!-- Generated by org.testng.reporters.JUnitReportReporter -->
<testsuite hostname="DHRUV" failures="0" tests="1" name="TestCases.Printingalllinks" time="9.758" errors="0" timestamp="2023-09-05T17:09:37 IST" skipped="0">
  <testcase classname="TestCases.Printingalllinks" name="printingalllinks" time="9.758"/>
</testsuite> <!-- TestCases.Printingalllinks -->
