<?xml version="1.0" encoding="UTF-8"?>
<!-- Generated by org.testng.reporters.JUnitReportReporter -->
<testsuite hostname="DHRUV" failures="0" tests="1" name="TestCases.VerifySignup" time="20.686" errors="0" timestamp="2023-09-09T21:31:15 IST" skipped="0">
  <testcase classname="TestCases.VerifySignup" name="Signup" time="20.686"/>
</testsuite> <!-- TestCases.VerifySignup -->
